# JRE version: OpenJDK Runtime Environment (17.0.6) (build 17.0.6+0-b2043.56-10027231)
# Java VM: OpenJDK 64-Bit Server VM (17.0.6+0-b2043.56-10027231, mixed mode, tiered, compressed oops, compressed class ptrs, g1 gc, windows-amd64)
GC Precious Log:
 CPUs: 4 total, 4 available
 Memory: 16278M
 Large Page Support: Disabled
 NUMA Support: Disabled
 Compressed Oops: Enabled (32-bit)
 Heap Region Size: 1M
 Heap Min Capacity: 8M
 Heap Initial Capacity: 256M
 Heap Max Capacity: 2G
 Pre-touch: Disabled
 Parallel Workers: 4
 Concurrent Workers: 1
 Concurrent Refinement Workers: 4
 Periodic GC: Disabled
Heap:
 garbage-first heap   total 148480K, used 102995K [0x0000000080000000, 0x0000000100000000)
  region size 1024K, 10 young (10240K), 5 survivors (5120K)
 Metaspace       used 105551K, committed 106240K, reserved 1146880K
  class space    used 14209K, committed 14528K, reserved 1048576K
GC Heap History (20 events):
Event: 24.209 GC heap before
{Heap before GC invocations=34 (full 0):
 garbage-first heap   total 148480K, used 108163K [0x0000000080000000, 0x0000000100000000)
  region size 1024K, 53 young (54272K), 2 survivors (2048K)
 Metaspace       used 79830K, committed 80384K, reserved 1122304K
  class space    used 10579K, committed 10816K, reserved 1048576K
}
Event: 24.220 GC heap after
{Heap after GC invocations=35 (full 0):
 garbage-first heap   total 148480K, used 58984K [0x0000000080000000, 0x0000000100000000)
  region size 1024K, 6 young (6144K), 6 survivors (6144K)
 Metaspace       used 79830K, committed 80384K, reserved 1122304K
  class space    used 10579K, committed 10816K, reserved 1048576K
}
Event: 24.316 GC heap before
{Heap before GC invocations=35 (full 0):
 garbage-first heap   total 148480K, used 60008K [0x0000000080000000, 0x0000000100000000)
  region size 1024K, 7 young (7168K), 6 survivors (6144K)
 Metaspace       used 79900K, committed 80448K, reserved 1122304K
  class space    used 10586K, committed 10816K, reserved 1048576K
}
Event: 24.326 GC heap after
{Heap after GC invocations=36 (full 0):
 garbage-first heap   total 148480K, used 59210K [0x0000000080000000, 0x0000000100000000)
  region size 1024K, 1 young (1024K), 1 survivors (1024K)
 Metaspace       used 79900K, committed 80448K, reserved 1122304K
  class space    used 10586K, committed 10816K, reserved 1048576K
}
Event: 26.769 GC heap before
{Heap before GC invocations=36 (full 0):
 garbage-first heap   total 148480K, used 114506K [0x0000000080000000, 0x0000000100000000)
  region size 1024K, 55 young (56320K), 1 survivors (1024K)
 Metaspace       used 86530K, committed 87104K, reserved 1130496K
  class space    used 11712K, committed 11968K, reserved 1048576K
}
Event: 26.778 GC heap after
{Heap after GC invocations=37 (full 0):
 garbage-first heap   total 148480K, used 62110K [0x0000000080000000, 0x0000000100000000)
  region size 1024K, 4 young (4096K), 4 survivors (4096K)
 Metaspace       used 86530K, committed 87104K, reserved 1130496K
  class space    used 11712K, committed 11968K, reserved 1048576K
}
Event: 29.244 GC heap before
{Heap before GC invocations=37 (full 0):
 garbage-first heap   total 148480K, used 115358K [0x0000000080000000, 0x0000000100000000)
  region size 1024K, 56 young (57344K), 4 survivors (4096K)
 Metaspace       used 92620K, committed 93312K, reserved 1130496K
  class space    used 12594K, committed 12928K, reserved 1048576K
}
Event: 29.256 GC heap after
{Heap after GC invocations=38 (full 0):
 garbage-first heap   total 148480K, used 66015K [0x0000000080000000, 0x0000000100000000)
  region size 1024K, 7 young (7168K), 7 survivors (7168K)
 Metaspace       used 92620K, committed 93312K, reserved 1130496K
  class space    used 12594K, committed 12928K, reserved 1048576K
}
Event: 32.260 GC heap before
{Heap before GC invocations=38 (full 0):
 garbage-first heap   total 148480K, used 117215K [0x0000000080000000, 0x0000000100000000)
  region size 1024K, 57 young (58368K), 7 survivors (7168K)
 Metaspace       used 93786K, committed 94400K, reserved 1130496K
  class space    used 12746K, committed 13056K, reserved 1048576K
}
Event: 32.283 GC heap after
{Heap after GC invocations=39 (full 0):
 garbage-first heap   total 148480K, used 73708K [0x0000000080000000, 0x0000000100000000)
  region size 1024K, 8 young (8192K), 8 survivors (8192K)
 Metaspace       used 93786K, committed 94400K, reserved 1130496K
  class space    used 12746K, committed 13056K, reserved 1048576K
}
Event: 33.983 GC heap before
{Heap before GC invocations=39 (full 0):
 garbage-first heap   total 148480K, used 115692K [0x0000000080000000, 0x0000000100000000)
  region size 1024K, 50 young (51200K), 8 survivors (8192K)
 Metaspace       used 95484K, committed 96192K, reserved 1138688K
  class space    used 13047K, committed 13376K, reserved 1048576K
}
Event: 34.003 GC heap after
{Heap after GC invocations=40 (full 0):
 garbage-first heap   total 148480K, used 78323K [0x0000000080000000, 0x0000000100000000)
  region size 1024K, 4 young (4096K), 4 survivors (4096K)
 Metaspace       used 95484K, committed 96192K, reserved 1138688K
  class space    used 13047K, committed 13376K, reserved 1048576K
}
Event: 37.055 GC heap before
{Heap before GC invocations=40 (full 0):
 garbage-first heap   total 148480K, used 117235K [0x0000000080000000, 0x0000000100000000)
  region size 1024K, 43 young (44032K), 4 survivors (4096K)
 Metaspace       used 96256K, committed 96960K, reserved 1138688K
  class space    used 13110K, committed 13440K, reserved 1048576K
}
Event: 37.066 GC heap after
{Heap after GC invocations=41 (full 0):
 garbage-first heap   total 148480K, used 82094K [0x0000000080000000, 0x0000000100000000)
  region size 1024K, 4 young (4096K), 4 survivors (4096K)
 Metaspace       used 96256K, committed 96960K, reserved 1138688K
  class space    used 13110K, committed 13440K, reserved 1048576K
}
Event: 41.218 GC heap before
{Heap before GC invocations=41 (full 0):
 garbage-first heap   total 148480K, used 119982K [0x0000000080000000, 0x0000000100000000)
  region size 1024K, 41 young (41984K), 4 survivors (4096K)
 Metaspace       used 97811K, committed 98496K, reserved 1138688K
  class space    used 13242K, committed 13568K, reserved 1048576K
}
Event: 41.232 GC heap after
{Heap after GC invocations=42 (full 0):
 garbage-first heap   total 148480K, used 84363K [0x0000000080000000, 0x0000000100000000)
  region size 1024K, 3 young (3072K), 3 survivors (3072K)
 Metaspace       used 97811K, committed 98496K, reserved 1138688K
  class space    used 13242K, committed 13568K, reserved 1048576K
}
Event: 44.662 GC heap before
{Heap before GC invocations=42 (full 0):
 garbage-first heap   total 148480K, used 120203K [0x0000000080000000, 0x0000000100000000)
  region size 1024K, 39 young (39936K), 3 survivors (3072K)
 Metaspace       used 103167K, committed 103872K, reserved 1138688K
  class space    used 13943K, committed 14272K, reserved 1048576K
}
Event: 44.675 GC heap after
{Heap after GC invocations=43 (full 0):
 garbage-first heap   total 148480K, used 88064K [0x0000000080000000, 0x0000000100000000)
  region size 1024K, 5 young (5120K), 5 survivors (5120K)
 Metaspace       used 103167K, committed 103872K, reserved 1138688K
  class space    used 13943K, committed 14272K, reserved 1048576K
}
Event: 46.841 GC heap before
{Heap before GC invocations=43 (full 0):
 garbage-first heap   total 148480K, used 124928K [0x0000000080000000, 0x0000000100000000)
  region size 1024K, 39 young (39936K), 5 survivors (5120K)
 Metaspace       used 105427K, committed 106112K, reserved 1146880K
  class space    used 14204K, committed 14528K, reserved 1048576K
}
Event: 46.861 GC heap after
{Heap after GC invocations=44 (full 0):
 garbage-first heap   total 148480K, used 98899K [0x0000000080000000, 0x0000000100000000)
  region size 1024K, 5 young (5120K), 5 survivors (5120K)
 Metaspace       used 105427K, committed 106112K, reserved 1146880K
  class space    used 14204K, committed 14528K, reserved 1048576K
}

